<?xml version="1.0" encoding="UTF-8"?>
<testsuite name="com.alsselssajob.student.StudentApplicationTests" tests="1" skipped="0" failures="0" errors="0" timestamp="2021-10-07T09:34:08" hostname="DESKTOP-KVCQHCD" time="0.012">
  <properties/>
  <testcase name="contextLoads()" classname="com.alsselssajob.student.StudentApplicationTests" time="0.012"/>
  <system-out><![CDATA[18:34:02.565 [Test worker] DEBUG org.springframework.test.context.BootstrapUtils - Instantiating CacheAwareContextLoaderDelegate from class [org.springframework.test.context.cache.DefaultCacheAwareContextLoaderDelegate]
18:34:02.578 [Test worker] DEBUG org.springframework.test.context.BootstrapUtils - Instantiating BootstrapContext using constructor [public org.springframework.test.context.support.DefaultBootstrapContext(java.lang.Class,org.springframework.test.context.CacheAwareContextLoaderDelegate)]
18:34:02.616 [Test worker] DEBUG org.springframework.test.context.BootstrapUtils - Instantiating TestContextBootstrapper for test class [com.alsselssajob.student.StudentApplicationTests] from class [org.springframework.boot.test.context.SpringBootTestContextBootstrapper]
18:34:02.628 [Test worker] INFO org.springframework.boot.test.context.SpringBootTestContextBootstrapper - Neither @ContextConfiguration nor @ContextHierarchy found for test class [com.alsselssajob.student.StudentApplicationTests], using SpringBootContextLoader
18:34:02.632 [Test worker] DEBUG org.springframework.test.context.support.AbstractContextLoader - Did not detect default resource location for test class [com.alsselssajob.student.StudentApplicationTests]: class path resource [com/alsselssajob/student/StudentApplicationTests-context.xml] does not exist
18:34:02.633 [Test worker] DEBUG org.springframework.test.context.support.AbstractContextLoader - Did not detect default resource location for test class [com.alsselssajob.student.StudentApplicationTests]: class path resource [com/alsselssajob/student/StudentApplicationTestsContext.groovy] does not exist
18:34:02.633 [Test worker] INFO org.springframework.test.context.support.AbstractContextLoader - Could not detect default resource locations for test class [com.alsselssajob.student.StudentApplicationTests]: no resource found for suffixes {-context.xml, Context.groovy}.
18:34:02.634 [Test worker] INFO org.springframework.test.context.support.AnnotationConfigContextLoaderUtils - Could not detect default configuration classes for test class [com.alsselssajob.student.StudentApplicationTests]: StudentApplicationTests does not declare any static, non-private, non-final, nested classes annotated with @Configuration.
18:34:02.681 [Test worker] DEBUG org.springframework.test.context.support.ActiveProfilesUtils - Could not find an 'annotation declaring class' for annotation type [org.springframework.test.context.ActiveProfiles] and class [com.alsselssajob.student.StudentApplicationTests]
18:34:02.756 [Test worker] DEBUG org.springframework.context.annotation.ClassPathScanningCandidateComponentProvider - Identified candidate component class: file [C:\Users\multicampus\git\S05P21C103\S05P21C103\backend\student\build\classes\java\main\com\alsselssajob\student\StudentApplication.class]
18:34:02.757 [Test worker] INFO org.springframework.boot.test.context.SpringBootTestContextBootstrapper - Found @SpringBootConfiguration com.alsselssajob.student.StudentApplication for test class com.alsselssajob.student.StudentApplicationTests
18:34:02.866 [Test worker] DEBUG org.springframework.boot.test.context.SpringBootTestContextBootstrapper - @TestExecutionListeners is not present for class [com.alsselssajob.student.StudentApplicationTests]: using defaults.
18:34:02.867 [Test worker] INFO org.springframework.boot.test.context.SpringBootTestContextBootstrapper - Loaded default TestExecutionListener class names from location [META-INF/spring.factories]: [org.springframework.boot.test.autoconfigure.restdocs.RestDocsTestExecutionListener, org.springframework.boot.test.autoconfigure.web.client.MockRestServiceServerResetTestExecutionListener, org.springframework.boot.test.autoconfigure.web.servlet.MockMvcPrintOnlyOnFailureTestExecutionListener, org.springframework.boot.test.autoconfigure.web.servlet.WebDriverTestExecutionListener, org.springframework.boot.test.autoconfigure.webservices.client.MockWebServiceServerTestExecutionListener, org.springframework.boot.test.mock.mockito.MockitoTestExecutionListener, org.springframework.boot.test.mock.mockito.ResetMocksTestExecutionListener, org.springframework.test.context.web.ServletTestExecutionListener, org.springframework.test.context.support.DirtiesContextBeforeModesTestExecutionListener, org.springframework.test.context.event.ApplicationEventsTestExecutionListener, org.springframework.test.context.support.DependencyInjectionTestExecutionListener, org.springframework.test.context.support.DirtiesContextTestExecutionListener, org.springframework.test.context.transaction.TransactionalTestExecutionListener, org.springframework.test.context.jdbc.SqlScriptsTestExecutionListener, org.springframework.test.context.event.EventPublishingTestExecutionListener]
18:34:02.889 [Test worker] INFO org.springframework.boot.test.context.SpringBootTestContextBootstrapper - Using TestExecutionListeners: [org.springframework.test.context.web.ServletTestExecutionListener@3deb732a, org.springframework.test.context.support.DirtiesContextBeforeModesTestExecutionListener@6b441eed, org.springframework.test.context.event.ApplicationEventsTestExecutionListener@42db3d37, org.springframework.boot.test.mock.mockito.MockitoTestExecutionListener@29529724, org.springframework.boot.test.autoconfigure.SpringBootDependencyInjectionTestExecutionListener@4f46c307, org.springframework.test.context.support.DirtiesContextTestExecutionListener@43e0f74, org.springframework.test.context.transaction.TransactionalTestExecutionListener@1f17a841, org.springframework.test.context.jdbc.SqlScriptsTestExecutionListener@2241e730, org.springframework.test.context.event.EventPublishingTestExecutionListener@5b664684, org.springframework.boot.test.autoconfigure.restdocs.RestDocsTestExecutionListener@2f57a733, org.springframework.boot.test.autoconfigure.web.client.MockRestServiceServerResetTestExecutionListener@d205738, org.springframework.boot.test.autoconfigure.web.servlet.MockMvcPrintOnlyOnFailureTestExecutionListener@207549cb, org.springframework.boot.test.autoconfigure.web.servlet.WebDriverTestExecutionListener@494e7927, org.springframework.boot.test.autoconfigure.webservices.client.MockWebServiceServerTestExecutionListener@5bb22102, org.springframework.boot.test.mock.mockito.ResetMocksTestExecutionListener@542434db]
18:34:02.894 [Test worker] DEBUG org.springframework.test.context.support.AbstractDirtiesContextTestExecutionListener - Before test class: context [DefaultTestContext@65c409c6 testClass = StudentApplicationTests, testInstance = [null], testMethod = [null], testException = [null], mergedContextConfiguration = [WebMergedContextConfiguration@703493a1 testClass = StudentApplicationTests, locations = '{}', classes = '{class com.alsselssajob.student.StudentApplication}', contextInitializerClasses = '[]', activeProfiles = '{}', propertySourceLocations = '{}', propertySourceProperties = '{org.springframework.boot.test.context.SpringBootTestContextBootstrapper=true}', contextCustomizers = set[org.springframework.boot.test.autoconfigure.actuate.metrics.MetricsExportContextCustomizerFactory$DisableMetricExportContextCustomizer@6fd257e7, org.springframework.boot.test.autoconfigure.properties.PropertyMappingContextCustomizer@0, org.springframework.boot.test.autoconfigure.web.servlet.WebDriverContextCustomizerFactory$Customizer@5377153e, org.springframework.boot.test.context.filter.ExcludeFilterContextCustomizer@66a0267a, org.springframework.boot.test.json.DuplicateJsonObjectContextCustomizerFactory$DuplicateJsonObjectContextCustomizer@14f22289, org.springframework.boot.test.mock.mockito.MockitoContextCustomizer@0, org.springframework.boot.test.web.client.TestRestTemplateContextCustomizer@1c6de58c, org.springframework.boot.test.context.SpringBootTestArgs@1, org.springframework.boot.test.context.SpringBootTestWebEnvironment@2e6ba8fb], resourceBasePath = 'src/main/webapp', contextLoader = 'org.springframework.boot.test.context.SpringBootContextLoader', parent = [null]], attributes = map['org.springframework.test.context.web.ServletTestExecutionListener.activateListener' -> true]], class annotated with @DirtiesContext [false] with mode [null].
18:34:02.923 [Test worker] DEBUG org.springframework.test.context.support.TestPropertySourceUtils - Adding inlined properties to environment: {spring.jmx.enabled=false, org.springframework.boot.test.context.SpringBootTestContextBootstrapper=true}

  .   ____          _            __ _ _
 /\\ / ___'_ __ _ _(_)_ __  __ _ \ \ \ \
( ( )\___ | '_ | '_| | '_ \/ _` | \ \ \ \
 \\/  ___)| |_)| | | | | || (_| |  ) ) ) )
  '  |____| .__|_| |_|_| |_\__, | / / / /
 =========|_|==============|___/=/_/_/_/
 :: Spring Boot ::                (v2.5.4)

2021-10-07 18:34:03.253  INFO 6632 --- [    Test worker] c.a.student.StudentApplicationTests      : Starting StudentApplicationTests using Java 11.0.12 on DESKTOP-KVCQHCD with PID 6632 (started by multicampus in C:\Users\multicampus\git\S05P21C103\S05P21C103\backend\student)
2021-10-07 18:34:03.255  INFO 6632 --- [    Test worker] c.a.student.StudentApplicationTests      : The following profiles are active: local
2021-10-07 18:34:04.140  INFO 6632 --- [    Test worker] .s.d.r.c.RepositoryConfigurationDelegate : Bootstrapping Spring Data JPA repositories in DEFAULT mode.
2021-10-07 18:34:04.236  INFO 6632 --- [    Test worker] .s.d.r.c.RepositoryConfigurationDelegate : Finished Spring Data repository scanning in 82 ms. Found 1 JPA repository interfaces.
2021-10-07 18:34:05.149  INFO 6632 --- [    Test worker] o.hibernate.jpa.internal.util.LogHelper  : HHH000204: Processing PersistenceUnitInfo [name: default]
2021-10-07 18:34:05.265  INFO 6632 --- [    Test worker] org.hibernate.Version                    : HHH000412: Hibernate ORM core version 5.4.32.Final
2021-10-07 18:34:05.347  INFO 6632 --- [    Test worker] o.hibernate.annotations.common.Version   : HCANN000001: Hibernate Commons Annotations {5.1.2.Final}
2021-10-07 18:34:05.564  INFO 6632 --- [    Test worker] com.zaxxer.hikari.HikariDataSource       : HikariPool-1 - Starting...
2021-10-07 18:34:05.951  INFO 6632 --- [    Test worker] com.zaxxer.hikari.HikariDataSource       : HikariPool-1 - Start completed.
2021-10-07 18:34:06.042  INFO 6632 --- [    Test worker] org.hibernate.dialect.Dialect            : HHH000400: Using dialect: org.hibernate.dialect.H2Dialect
2021-10-07 18:34:06.973  INFO 6632 --- [    Test worker] o.h.e.t.j.p.i.JtaPlatformInitiator       : HHH000490: Using JtaPlatform implementation: [org.hibernate.engine.transaction.jta.platform.internal.NoJtaPlatform]
2021-10-07 18:34:06.990  INFO 6632 --- [    Test worker] j.LocalContainerEntityManagerFactoryBean : Initialized JPA EntityManagerFactory for persistence unit 'default'
2021-10-07 18:34:07.806  WARN 6632 --- [    Test worker] JpaBaseConfiguration$JpaWebConfiguration : spring.jpa.open-in-view is enabled by default. Therefore, database queries may be performed during view rendering. Explicitly configure spring.jpa.open-in-view to disable this warning
2021-10-07 18:34:08.467  INFO 6632 --- [    Test worker] c.a.student.StudentApplicationTests      : Started StudentApplicationTests in 5.536 seconds (JVM running for 7.932)
]]></system-out>
  <system-err><![CDATA[]]></system-err>
</testsuite>
