<?xml version="1.0" encoding="UTF-8"?>
<testsuite name="com.alsselssajob.student.dto.request.ScoreRequestTest" tests="2" skipped="0" failures="0" errors="0" timestamp="2021-10-07T09:34:02" hostname="DESKTOP-KVCQHCD" time="0.002">
  <properties/>
  <testcase name="ScoreRequest 클래스 / Getters 테스트" classname="com.alsselssajob.student.dto.request.ScoreRequestTest" time="0.001"/>
  <testcase name="ScoreRequest 클래스 / Construct 테스트" classname="com.alsselssajob.student.dto.request.ScoreRequestTest" time="0.001"/>
  <system-out><![CDATA[]]></system-out>
  <system-err><![CDATA[]]></system-err>
</testsuite>
